Thu, 08 Oct 2020 10:55:58 GMT - Info - Server is running on port: 3000
Thu, 08 Oct 2020 10:56:01 GMT - Info - Server is running on port: 3000
Thu, 08 Oct 2020 10:56:04 GMT - Info - Server is running on port: 3000
Thu, 08 Oct 2020 10:56:28 GMT - Info - Server is running on port: 3000
Thu, 08 Oct 2020 10:56:38 GMT - Info - Server is running on port: 3000
Thu, 08 Oct 2020 10:56:39 GMT - Info - Server is running on port: 3000
Thu, 08 Oct 2020 10:56:50 GMT - Info - Server is running on port: 3000
Thu, 08 Oct 2020 10:56:54 GMT - Info - Server is running on port: 3000
Thu, 08 Oct 2020 10:56:55 GMT - Info - Server is running on port: 3000
Thu, 08 Oct 2020 10:56:56 GMT - Info - Server is running on port: 3000
Thu, 08 Oct 2020 10:57:11 GMT - Info - Server is running on port: 3000
Thu, 08 Oct 2020 10:57:21 GMT - Info - Server is running on port: 3000
Thu, 08 Oct 2020 11:00:39 GMT - Info - Server is running on port: 3000
Thu, 08 Oct 2020 11:01:36 GMT - Info - Server is running on port: 3000
Thu, 08 Oct 2020 11:01:43 GMT - Info - Server is running on port: 3000
Thu, 08 Oct 2020 11:02:01 GMT - Info - Server is running on port: 3000
Thu, 08 Oct 2020 11:03:03 GMT - Info - Server is running on port: 3000
Thu, 08 Oct 2020 11:03:40 GMT - Info - Server is running on port: 3000
Thu, 08 Oct 2020 11:04:33 GMT - Info - Server is running on port: 3000
Thu, 08 Oct 2020 11:04:43 GMT - Info - Server is running on port: 3000
Thu, 08 Oct 2020 11:04:56 GMT - Info - Server is running on port: 3000
Thu, 08 Oct 2020 11:05:13 GMT - Info - Server is running on port: 3000
Thu, 08 Oct 2020 11:05:47 GMT - Info - Server is running on port: 3000
Thu, 08 Oct 2020 11:05:49 GMT - Info - Server is running on port: 3000
Thu, 08 Oct 2020 11:06:04 GMT - Info - Server is running on port: 3000
Thu, 08 Oct 2020 11:06:21 GMT - Info - Server is running on port: 3000
Thu, 08 Oct 2020 11:06:23 GMT - Info - Server is running on port: 3000
Thu, 08 Oct 2020 11:06:40 GMT - Info - Server is running on port: 3000
Thu, 08 Oct 2020 11:09:35 GMT - Info - Server is running on port: 3000
Thu, 08 Oct 2020 11:09:40 GMT - Info - Server is running on port: 3000
Thu, 08 Oct 2020 11:09:48 GMT - Info - Server is running on port: 3000
Thu, 08 Oct 2020 11:09:49 GMT - Info - Server is running on port: 3000
Thu, 08 Oct 2020 11:09:58 GMT - Info - Server is running on port: 3000
Thu, 08 Oct 2020 11:10:02 GMT - Info - Server is running on port: 3000
Thu, 08 Oct 2020 11:10:04 GMT - Info - Server is running on port: 3000
Thu, 08 Oct 2020 11:10:07 GMT - Info - Server is running on port: 3000
Thu, 08 Oct 2020 11:10:08 GMT - Info - Server is running on port: 3000
Thu, 08 Oct 2020 11:10:12 GMT - Info - Server is running on port: 3000
Thu, 08 Oct 2020 11:10:18 GMT - Info - Server is running on port: 3000
Thu, 08 Oct 2020 11:10:20 GMT - Info - Server is running on port: 3000
Thu, 08 Oct 2020 11:10:25 GMT - Info - Server is running on port: 3000
Thu, 08 Oct 2020 11:11:25 GMT - Info - Server is running on port: 3000
Thu, 08 Oct 2020 11:12:26 GMT - Info - Server is running on port: 3000
Thu, 08 Oct 2020 11:12:32 GMT - Info - Server is running on port: 3000
Thu, 08 Oct 2020 11:12:33 GMT - Info - Server is running on port: 3000
Thu, 08 Oct 2020 11:12:39 GMT - Info - Server is running on port: 3000
Thu, 08 Oct 2020 11:12:45 GMT - Info - Server is running on port: 3000
Thu, 08 Oct 2020 11:12:51 GMT - Info - Server is running on port: 3000
Thu, 08 Oct 2020 11:12:57 GMT - Info - Server is running on port: 3000
Thu, 08 Oct 2020 11:13:08 GMT - Info - Server is running on port: 3000
Thu, 08 Oct 2020 11:13:11 GMT - Info - Server is running on port: 3000
Thu, 08 Oct 2020 11:13:31 GMT - Info - Server is running on port: 3000
Thu, 08 Oct 2020 11:13:32 GMT - Info - Server is running on port: 3000
Thu, 08 Oct 2020 11:13:41 GMT - Info - Server is running on port: 3000
Thu, 08 Oct 2020 11:13:46 GMT - Info - Server is running on port: 3000
Thu, 08 Oct 2020 11:14:03 GMT - Info - Server is running on port: 3000
Thu, 08 Oct 2020 11:14:10 GMT - Info - Server is running on port: 3000
Thu, 08 Oct 2020 11:14:20 GMT - Info - Server is running on port: 3000
Thu, 08 Oct 2020 11:14:25 GMT - Info - Server is running on port: 3000
Thu, 08 Oct 2020 11:14:47 GMT - Info - Server is running on port: 3000
Thu, 08 Oct 2020 11:14:58 GMT - Info - Server is running on port: 3000
Thu, 08 Oct 2020 11:15:14 GMT - Info - Server is running on port: 3000
Thu, 08 Oct 2020 11:15:17 GMT - Info - Server is running on port: 3000
Thu, 08 Oct 2020 11:15:22 GMT - Info - Server is running on port: 3000
Thu, 08 Oct 2020 11:19:33 GMT - Info - Server is running on port: 3000
Thu, 08 Oct 2020 11:19:35 GMT - Info - Server is running on port: 3000
Thu, 08 Oct 2020 11:21:30 GMT - Info - Server is running on port: 3000
Thu, 08 Oct 2020 11:21:31 GMT - Info - Server is running on port: 3000
Thu, 08 Oct 2020 11:23:37 GMT - Info - Server is running on port: 3000
Thu, 08 Oct 2020 11:23:38 GMT - Info - Server is running on port: 3000
Thu, 08 Oct 2020 11:23:51 GMT - Info - Server is running on port: 3000
Thu, 08 Oct 2020 11:24:01 GMT - Info - Server is running on port: 3000
Thu, 08 Oct 2020 11:24:03 GMT - Info - Server is running on port: 3000
Thu, 08 Oct 2020 11:24:07 GMT - Info - Server is running on port: 3000
Thu, 08 Oct 2020 11:24:10 GMT - Info - Server is running on port: 3000
Thu, 08 Oct 2020 11:24:14 GMT - Info - Server is running on port: 3000
Thu, 08 Oct 2020 11:24:23 GMT - Info - Server is running on port: 3000
Thu, 08 Oct 2020 11:24:26 GMT - Info - Server is running on port: 3000
Thu, 08 Oct 2020 11:27:45 GMT - Info - Server is running on port: 3000
Thu, 08 Oct 2020 11:27:59 GMT - Info - Server is running on port: 3000
Thu, 08 Oct 2020 11:28:03 GMT - Info - Server is running on port: 3000
Thu, 08 Oct 2020 11:28:05 GMT - Info - Server is running on port: 3000
Thu, 08 Oct 2020 11:28:11 GMT - Info - Server is running on port: 3000
Thu, 08 Oct 2020 11:28:19 GMT - Info - Server is running on port: 3000
Thu, 08 Oct 2020 11:35:36 GMT - Info - Server is running on port: 3000
Thu, 08 Oct 2020 11:35:39 GMT - Info - Server is running on port: 3000
Thu, 08 Oct 2020 11:35:43 GMT - Info - Server is running on port: 3000
Thu, 08 Oct 2020 11:35:44 GMT - Info - Server is running on port: 3000
Thu, 08 Oct 2020 11:35:47 GMT - Info - Server is running on port: 3000
Thu, 08 Oct 2020 11:36:29 GMT - Info - Server is running on port: 3000
Thu, 08 Oct 2020 11:36:34 GMT - Info - Server is running on port: 3000
Thu, 08 Oct 2020 11:36:41 GMT - Info - Server is running on port: 3000
Thu, 08 Oct 2020 11:36:42 GMT - Info - Server is running on port: 3000
Thu, 08 Oct 2020 11:37:09 GMT - Info - Server is running on port: 3000
Thu, 08 Oct 2020 11:37:18 GMT - Info - Server is running on port: 3000
Thu, 08 Oct 2020 11:37:19 GMT - Info - Server is running on port: 3000
Thu, 08 Oct 2020 11:52:23 GMT - Info - Server is running on port: 3000
Thu, 08 Oct 2020 11:53:05 GMT - Info - Server is running on port: 3000
Thu, 08 Oct 2020 11:53:57 GMT - Info - Server is running on port: 3000
Thu, 08 Oct 2020 11:54:01 GMT - Info - Server is running on port: 3000
Thu, 08 Oct 2020 11:54:22 GMT - Info - Server is running on port: 3000
Thu, 08 Oct 2020 11:55:06 GMT - Info - Server is running on port: 3000
Thu, 08 Oct 2020 12:01:30 GMT - Info - Server is running on port: 3000
Thu, 08 Oct 2020 12:09:38 GMT - Info - Server is running on port: 3000
Thu, 08 Oct 2020 12:09:44 GMT - Info - Server is running on port: 3000
Thu, 08 Oct 2020 12:09:46 GMT - Info - Server is running on port: 3000
Thu, 08 Oct 2020 12:09:49 GMT - Info - Server is running on port: 3000
Thu, 08 Oct 2020 12:09:52 GMT - Info - Server is running on port: 3000
Thu, 08 Oct 2020 12:32:58 GMT - Info - Server is running on port: 3000
Thu, 08 Oct 2020 12:33:01 GMT - Info - Server is running on port: 3000
Thu, 08 Oct 2020 12:33:03 GMT - Info - Server is running on port: 3000
Thu, 08 Oct 2020 12:37:23 GMT - Info - Server is running on port: 3000
Thu, 08 Oct 2020 12:37:33 GMT - Info - Server is running on port: 3000
Thu, 08 Oct 2020 12:37:54 GMT - Info - Server is running on port: 3000
Thu, 08 Oct 2020 12:38:28 GMT - Info - Server is running on port: 3000
Thu, 08 Oct 2020 12:38:37 GMT - Info - Server is running on port: 3000
Thu, 08 Oct 2020 12:38:47 GMT - Info - Server is running on port: 3000
Thu, 08 Oct 2020 12:38:54 GMT - Info - Server is running on port: 3000
Thu, 08 Oct 2020 12:39:13 GMT - Info - Server is running on port: 3000
Thu, 08 Oct 2020 12:39:15 GMT - Info - Server is running on port: 3000
Thu, 08 Oct 2020 12:39:20 GMT - Info - Server is running on port: 3000
Thu, 08 Oct 2020 12:39:23 GMT - Info - Server is running on port: 3000
Thu, 08 Oct 2020 12:40:29 GMT - Info - Server is running on port: 3000
Thu, 08 Oct 2020 12:40:33 GMT - Info - Server is running on port: 3000
Thu, 08 Oct 2020 12:43:07 GMT - Info - Server is running on port: 3000
Thu, 08 Oct 2020 12:43:12 GMT - Info - Server is running on port: 3000
Thu, 08 Oct 2020 12:43:33 GMT - Info - Server is running on port: 3000
Thu, 08 Oct 2020 12:43:38 GMT - Info - Server is running on port: 3000
Thu, 08 Oct 2020 12:43:48 GMT - Info - Server is running on port: 3000
Thu, 08 Oct 2020 12:43:54 GMT - Info - Server is running on port: 3000
Thu, 08 Oct 2020 12:44:01 GMT - Info - Server is running on port: 3000
Thu, 08 Oct 2020 12:44:05 GMT - Info - Server is running on port: 3000
Thu, 08 Oct 2020 12:44:08 GMT - Info - Server is running on port: 3000
Thu, 08 Oct 2020 12:44:09 GMT - Info - Server is running on port: 3000
Thu, 08 Oct 2020 12:44:12 GMT - Info - Server is running on port: 3000
Thu, 08 Oct 2020 12:44:18 GMT - Info - Server is running on port: 3000
Thu, 08 Oct 2020 12:44:22 GMT - Info - Server is running on port: 3000
Thu, 08 Oct 2020 12:44:26 GMT - Info - Server is running on port: 3000
Thu, 08 Oct 2020 12:44:29 GMT - Info - Server is running on port: 3000
Thu, 08 Oct 2020 12:44:31 GMT - Info - Server is running on port: 3000
Thu, 08 Oct 2020 12:44:46 GMT - Info - Server is running on port: 3000
Thu, 08 Oct 2020 12:53:54 GMT - Info - Server is running on port: 3000
Thu, 08 Oct 2020 12:53:57 GMT - Info - Server is running on port: 3000
Thu, 08 Oct 2020 12:54:02 GMT - Info - Server is running on port: 3000
Thu, 08 Oct 2020 12:54:23 GMT - Info - Server is running on port: 3000
Thu, 08 Oct 2020 12:54:30 GMT - Info - Server is running on port: 3000
Thu, 08 Oct 2020 12:54:32 GMT - Info - Server is running on port: 3000
Thu, 08 Oct 2020 12:55:50 GMT - Info - Server is running on port: 3000
Thu, 08 Oct 2020 12:56:23 GMT - Info - Server is running on port: 3000
Thu, 08 Oct 2020 12:57:20 GMT - Info - Server is running on port: 3000
Thu, 08 Oct 2020 12:57:47 GMT - Info - Server is running on port: 3000
Thu, 08 Oct 2020 12:59:26 GMT - Info - Server is running on port: 3000
Thu, 08 Oct 2020 13:11:47 GMT - Info - Server is running on port: 3000
Thu, 08 Oct 2020 13:11:52 GMT - Info - Server is running on port: 3000
Thu, 08 Oct 2020 13:18:32 GMT - Info - Server is running on port: 3000
Thu, 08 Oct 2020 13:18:33 GMT - Info - Server is running on port: 3000
Thu, 08 Oct 2020 13:19:37 GMT - Info - Server is running on port: 3000
Thu, 08 Oct 2020 13:19:41 GMT - Info - Server is running on port: 3000
Thu, 08 Oct 2020 13:19:58 GMT - Info - Server is running on port: 3000
Thu, 08 Oct 2020 13:24:23 GMT - Info - Server is running on port: 3000
Thu, 08 Oct 2020 13:25:43 GMT - Info - Server is running on port: 3000
Thu, 08 Oct 2020 13:25:46 GMT - Info - Server is running on port: 3000
Thu, 08 Oct 2020 13:25:49 GMT - Info - Server is running on port: 3000
Thu, 08 Oct 2020 13:25:51 GMT - Info - Server is running on port: 3000
Thu, 08 Oct 2020 13:25:53 GMT - Info - Server is running on port: 3000
Thu, 08 Oct 2020 13:28:29 GMT - Info - Server is running on port: 3000
Thu, 08 Oct 2020 13:28:30 GMT - Info - Server is running on port: 3000
Thu, 08 Oct 2020 13:28:35 GMT - Info - Server is running on port: 3000
Thu, 08 Oct 2020 13:29:17 GMT - Info - Server is running on port: 3000
Thu, 08 Oct 2020 13:29:28 GMT - Info - Server is running on port: 3000
Thu, 08 Oct 2020 13:29:32 GMT - Info - Server is running on port: 3000
Thu, 08 Oct 2020 13:29:34 GMT - Info - Server is running on port: 3000
Thu, 08 Oct 2020 13:41:47 GMT - Info - Server is running on port: 3000
Thu, 08 Oct 2020 18:08:00 GMT - Info - Server is running on port: 3000
Thu, 08 Oct 2020 18:54:57 GMT - Info - Server is running on port: 3000
Thu, 08 Oct 2020 19:56:38 GMT - Info - Server is running on port: 3000
Thu, 08 Oct 2020 20:27:39 GMT - Info - Server is running on port: 3000
Thu, 08 Oct 2020 20:28:21 GMT - Info - Server is running on port: 3000
Thu, 08 Oct 2020 20:28:23 GMT - Info - Server is running on port: 3000
Thu, 08 Oct 2020 20:28:24 GMT - Info - Server is running on port: 3000
Thu, 08 Oct 2020 20:28:40 GMT - Info - Server is running on port: 3000
Thu, 08 Oct 2020 20:28:45 GMT - Info - Server is running on port: 3000
Thu, 08 Oct 2020 20:28:47 GMT - Info - Server is running on port: 3000
Thu, 08 Oct 2020 20:28:49 GMT - Info - Server is running on port: 3000
Thu, 08 Oct 2020 20:28:52 GMT - Info - Server is running on port: 3000
Thu, 08 Oct 2020 20:28:55 GMT - Info - Server is running on port: 3000
Thu, 08 Oct 2020 20:29:04 GMT - Info - Server is running on port: 3000
Thu, 08 Oct 2020 20:29:14 GMT - Info - Server is running on port: 3000
Thu, 08 Oct 2020 20:29:43 GMT - Info - Server is running on port: 3000
Thu, 08 Oct 2020 20:29:47 GMT - Info - Server is running on port: 3000
Thu, 08 Oct 2020 20:29:59 GMT - Info - Server is running on port: 3000
Thu, 08 Oct 2020 20:30:44 GMT - Info - Server is running on port: 3000
Thu, 08 Oct 2020 20:31:43 GMT - Info - Server is running on port: 3000
Thu, 08 Oct 2020 20:31:52 GMT - Info - Server is running on port: 3000
Thu, 08 Oct 2020 20:31:59 GMT - Info - Server is running on port: 3000
Thu, 08 Oct 2020 20:32:01 GMT - Info - Server is running on port: 3000
Thu, 08 Oct 2020 20:32:03 GMT - Info - Server is running on port: 3000
Thu, 08 Oct 2020 20:32:05 GMT - Info - Server is running on port: 3000
Thu, 08 Oct 2020 20:32:32 GMT - Info - Server is running on port: 3000
Thu, 08 Oct 2020 20:32:48 GMT - Info - Server is running on port: 3000
Thu, 08 Oct 2020 20:32:53 GMT - Info - Server is running on port: 3000
Thu, 08 Oct 2020 20:32:59 GMT - Info - Server is running on port: 3000
Thu, 08 Oct 2020 20:33:12 GMT - Info - Server is running on port: 3000
Thu, 08 Oct 2020 20:33:46 GMT - Info - Server is running on port: 3000
Thu, 08 Oct 2020 20:33:58 GMT - Info - Server is running on port: 3000
Thu, 08 Oct 2020 20:34:35 GMT - Info - Server is running on port: 3000
Thu, 08 Oct 2020 20:35:31 GMT - Info - Server is running on port: 3000
Thu, 08 Oct 2020 21:23:51 GMT - Info - Server is running on port: 3000
Thu, 08 Oct 2020 21:23:55 GMT - Info - Server is running on port: 3000
Thu, 08 Oct 2020 21:23:57 GMT - Info - Server is running on port: 3000
Thu, 08 Oct 2020 21:23:59 GMT - Info - Server is running on port: 3000
Thu, 08 Oct 2020 21:24:03 GMT - Info - Server is running on port: 3000
Thu, 08 Oct 2020 21:25:08 GMT - Info - Server is running on port: 3000
Thu, 08 Oct 2020 21:25:11 GMT - Info - Server is running on port: 3000
Thu, 08 Oct 2020 21:25:46 GMT - Info - Server is running on port: 3000
Thu, 08 Oct 2020 21:25:49 GMT - Info - Server is running on port: 3000
Thu, 08 Oct 2020 21:25:54 GMT - Info - Server is running on port: 3000
Thu, 08 Oct 2020 21:25:58 GMT - Info - Server is running on port: 3000
Thu, 08 Oct 2020 21:26:21 GMT - Info - Server is running on port: 3000
Thu, 08 Oct 2020 21:26:24 GMT - Info - Server is running on port: 3000
Thu, 08 Oct 2020 21:26:25 GMT - Info - Server is running on port: 3000
Thu, 08 Oct 2020 21:26:29 GMT - Info - Server is running on port: 3000
Thu, 08 Oct 2020 21:26:32 GMT - Info - Server is running on port: 3000
Thu, 08 Oct 2020 21:27:00 GMT - Info - Server is running on port: 3000
Thu, 08 Oct 2020 21:27:06 GMT - Info - Server is running on port: 3000
Fri, 09 Oct 2020 04:14:34 GMT - Info - Server is running on port: 3000
Fri, 09 Oct 2020 04:21:21 GMT - Info - Server is running on port: 3000
Fri, 09 Oct 2020 14:00:14 GMT - Info - Server is running on port: 3000
Fri, 09 Oct 2020 15:06:50 GMT - Info - Server is running on port: 3000
Fri, 09 Oct 2020 15:11:01 GMT - Info - Server is running on port: 3000
Fri, 09 Oct 2020 16:30:05 GMT - Info - Server is running on port: 3000
Fri, 09 Oct 2020 19:29:09 GMT - Info - Server is running on port: 3000
Sat, 10 Oct 2020 14:47:26 GMT - Info - Server is running on port: 3000
Sat, 10 Oct 2020 16:11:22 GMT - Info - Server is running on port: 3000
Sat, 10 Oct 2020 16:11:36 GMT - Info - Server is running on port: 3000
Sat, 10 Oct 2020 16:11:37 GMT - Info - Server is running on port: 3000
Sat, 10 Oct 2020 16:11:39 GMT - Info - Server is running on port: 3000
Sat, 10 Oct 2020 16:11:40 GMT - Info - Server is running on port: 3000
Sat, 10 Oct 2020 16:11:45 GMT - Info - Server is running on port: 3000
Sat, 10 Oct 2020 16:11:48 GMT - Info - Server is running on port: 3000
Sat, 10 Oct 2020 16:11:52 GMT - Info - Server is running on port: 3000
Sat, 10 Oct 2020 16:13:07 GMT - Info - Server is running on port: 3000
Sat, 10 Oct 2020 16:30:40 GMT - Info - Server is running on port: 3000
Sat, 10 Oct 2020 16:38:13 GMT - Info - Server is running on port: 3000
Sat, 10 Oct 2020 16:43:56 GMT - Info - Server is running on port: 3000
Sat, 10 Oct 2020 16:44:09 GMT - Info - Server is running on port: 3000
Sat, 10 Oct 2020 16:50:28 GMT - Info - Server is running on port: 3000
Sat, 10 Oct 2020 16:50:33 GMT - Info - Server is running on port: 3000
Sat, 10 Oct 2020 16:50:36 GMT - Info - Server is running on port: 3000
Sat, 10 Oct 2020 16:50:40 GMT - Info - Server is running on port: 3000
Sat, 10 Oct 2020 16:50:48 GMT - Info - Server is running on port: 3000
Sat, 10 Oct 2020 16:50:58 GMT - Info - Server is running on port: 3000
Sat, 10 Oct 2020 16:51:03 GMT - Info - Server is running on port: 3000
Sat, 10 Oct 2020 17:12:27 GMT - Info - Server is running on port: 3000
Sun, 11 Oct 2020 07:09:56 GMT - Info - Server is running on port: 3000
Sun, 11 Oct 2020 07:43:57 GMT - Info - Server is running on port: 3000
Sun, 11 Oct 2020 07:44:02 GMT - Info - Server is running on port: 3000
Sun, 11 Oct 2020 07:45:14 GMT - Info - Server is running on port: 3000
Sun, 11 Oct 2020 07:45:17 GMT - Info - Server is running on port: 3000
Sun, 11 Oct 2020 07:50:03 GMT - Info - Server is running on port: 3000
Sun, 11 Oct 2020 08:10:53 GMT - Info - Server is running on port: 3000
Sun, 11 Oct 2020 08:10:55 GMT - Info - Server is running on port: 3000
Sun, 11 Oct 2020 08:11:05 GMT - Info - Server is running on port: 3000
Sun, 11 Oct 2020 08:11:06 GMT - Info - Server is running on port: 3000
Sun, 11 Oct 2020 08:11:26 GMT - Info - Server is running on port: 3000
Sun, 11 Oct 2020 12:49:44 GMT - Info - Server is running on port: 3000
Sun, 11 Oct 2020 15:57:24 GMT - Info - Server is running on port: 3000
Sun, 11 Oct 2020 16:18:27 GMT - Info - Server is running on port: 3000
Sun, 11 Oct 2020 16:18:30 GMT - Info - Server is running on port: 3000
Sun, 11 Oct 2020 22:26:57 GMT - Info - Server is running on port: 3000
Mon, 12 Oct 2020 05:45:53 GMT - Info - Server is running on port: 3000
Mon, 12 Oct 2020 10:18:28 GMT - Info - Server is running on port: 3000
Mon, 12 Oct 2020 12:10:40 GMT - Info - Server is running on port: 3000
Mon, 12 Oct 2020 18:56:27 GMT - Info - Server is running on port: 3000
Tue, 13 Oct 2020 07:07:07 GMT - Info - Server is running on port: 3000
Tue, 13 Oct 2020 14:20:00 GMT - Info - Server is running on port: 3000
Tue, 13 Oct 2020 15:49:51 GMT - Info - Server is running on port: 3000
Tue, 13 Oct 2020 19:06:13 GMT - Info - Server is running on port: 3000
Wed, 14 Oct 2020 06:15:49 GMT - Info - Server is running on port: 3000
Wed, 14 Oct 2020 08:12:04 GMT - Info - Server is running on port: 3000
Wed, 14 Oct 2020 08:12:11 GMT - Info - Server is running on port: 3000
Wed, 14 Oct 2020 08:12:12 GMT - Info - Server is running on port: 3000
Wed, 14 Oct 2020 08:12:15 GMT - Info - Server is running on port: 3000
Wed, 14 Oct 2020 08:12:18 GMT - Info - Server is running on port: 3000
Wed, 14 Oct 2020 08:12:32 GMT - Info - Server is running on port: 3000
Wed, 14 Oct 2020 08:12:42 GMT - Info - Server is running on port: 3000
Wed, 14 Oct 2020 08:12:45 GMT - Info - Server is running on port: 3000
Wed, 14 Oct 2020 08:12:49 GMT - Info - Server is running on port: 3000
Wed, 14 Oct 2020 08:13:09 GMT - Info - Server is running on port: 3000
Wed, 14 Oct 2020 08:13:22 GMT - Info - Server is running on port: 3000
Wed, 14 Oct 2020 08:17:37 GMT - Info - Server is running on port: 3000
Wed, 14 Oct 2020 08:17:41 GMT - Info - Server is running on port: 3000
Wed, 14 Oct 2020 08:17:45 GMT - Info - Server is running on port: 3000
Wed, 14 Oct 2020 08:25:15 GMT - Info - Server is running on port: 3000
Wed, 14 Oct 2020 08:28:10 GMT - Info - Server is running on port: 3000
Wed, 14 Oct 2020 08:29:00 GMT - Info - Server is running on port: 3000
Wed, 14 Oct 2020 08:44:49 GMT - Info - Server is running on port: 3000
Wed, 14 Oct 2020 08:44:51 GMT - Info - Server is running on port: 3000
Wed, 14 Oct 2020 08:45:09 GMT - Info - Server is running on port: 3000
Wed, 14 Oct 2020 08:45:14 GMT - Info - Server is running on port: 3000
Wed, 14 Oct 2020 08:45:19 GMT - Info - Server is running on port: 3000
Wed, 14 Oct 2020 08:45:24 GMT - Info - Server is running on port: 3000
Wed, 14 Oct 2020 08:45:28 GMT - Info - Server is running on port: 3000
Wed, 14 Oct 2020 08:45:38 GMT - Info - Server is running on port: 3000
Wed, 14 Oct 2020 08:45:44 GMT - Info - Server is running on port: 3000
Wed, 14 Oct 2020 08:45:46 GMT - Info - Server is running on port: 3000
Wed, 14 Oct 2020 08:47:01 GMT - Info - Server is running on port: 3000
Wed, 14 Oct 2020 08:47:34 GMT - Info - Server is running on port: 3000
Wed, 14 Oct 2020 08:47:45 GMT - Info - Server is running on port: 3000
Wed, 14 Oct 2020 08:51:32 GMT - Info - Server is running on port: 3000
Wed, 14 Oct 2020 08:51:35 GMT - Info - Server is running on port: 3000
Wed, 14 Oct 2020 08:51:38 GMT - Info - Server is running on port: 3000
Wed, 14 Oct 2020 08:51:55 GMT - Info - Server is running on port: 3000
Wed, 14 Oct 2020 08:51:57 GMT - Info - Server is running on port: 3000
Wed, 14 Oct 2020 08:52:01 GMT - Info - Server is running on port: 3000
Wed, 14 Oct 2020 08:52:58 GMT - Info - Server is running on port: 3000
Wed, 14 Oct 2020 08:53:17 GMT - Info - Server is running on port: 3000
Wed, 14 Oct 2020 08:53:29 GMT - Info - Server is running on port: 3000
Wed, 14 Oct 2020 08:56:15 GMT - Info - Server is running on port: 3000
Wed, 14 Oct 2020 08:58:28 GMT - Info - Server is running on port: 3000
Wed, 14 Oct 2020 08:58:31 GMT - Info - Server is running on port: 3000
Wed, 14 Oct 2020 08:59:19 GMT - Info - Server is running on port: 3000
Wed, 14 Oct 2020 09:18:32 GMT - Info - Server is running on port: 3000
Wed, 14 Oct 2020 09:18:36 GMT - Info - Server is running on port: 3000
Wed, 14 Oct 2020 09:18:49 GMT - Info - Server is running on port: 3000
Wed, 14 Oct 2020 09:18:52 GMT - Info - Server is running on port: 3000
Wed, 14 Oct 2020 09:18:55 GMT - Info - Server is running on port: 3000
Wed, 14 Oct 2020 09:18:59 GMT - Info - Server is running on port: 3000
Wed, 14 Oct 2020 09:19:08 GMT - Info - Server is running on port: 3000
Wed, 14 Oct 2020 09:19:10 GMT - Info - Server is running on port: 3000
Wed, 14 Oct 2020 09:24:04 GMT - Info - Server is running on port: 3000
Wed, 14 Oct 2020 09:24:06 GMT - Info - Server is running on port: 3000
Wed, 14 Oct 2020 09:24:09 GMT - Info - Server is running on port: 3000
Wed, 14 Oct 2020 09:24:11 GMT - Info - Server is running on port: 3000
Wed, 14 Oct 2020 09:24:15 GMT - Info - Server is running on port: 3000
Wed, 14 Oct 2020 09:24:18 GMT - Info - Server is running on port: 3000
Wed, 14 Oct 2020 09:24:21 GMT - Info - Server is running on port: 3000
Wed, 14 Oct 2020 09:24:33 GMT - Info - Server is running on port: 3000
Wed, 14 Oct 2020 09:24:37 GMT - Info - Server is running on port: 3000
Wed, 14 Oct 2020 09:25:20 GMT - Info - Server is running on port: 3000
Wed, 14 Oct 2020 09:25:24 GMT - Info - Server is running on port: 3000
Wed, 14 Oct 2020 09:25:34 GMT - Info - Server is running on port: 3000
Wed, 14 Oct 2020 09:25:38 GMT - Info - Server is running on port: 3000
Wed, 14 Oct 2020 09:25:47 GMT - Info - Server is running on port: 3000
Wed, 14 Oct 2020 09:35:35 GMT - Info - Server is running on port: 3000
Wed, 14 Oct 2020 09:35:37 GMT - Info - Server is running on port: 3000
Wed, 14 Oct 2020 09:35:39 GMT - Info - Server is running on port: 3000
Wed, 14 Oct 2020 09:35:44 GMT - Info - Server is running on port: 3000
Wed, 14 Oct 2020 09:35:46 GMT - Info - Server is running on port: 3000
Wed, 14 Oct 2020 09:35:51 GMT - Info - Server is running on port: 3000
Wed, 14 Oct 2020 09:35:55 GMT - Info - Server is running on port: 3000
Wed, 14 Oct 2020 09:36:21 GMT - Info - Server is running on port: 3000
Wed, 14 Oct 2020 09:36:23 GMT - Info - Server is running on port: 3000
Wed, 14 Oct 2020 09:36:26 GMT - Info - Server is running on port: 3000
Wed, 14 Oct 2020 09:36:29 GMT - Info - Server is running on port: 3000
Wed, 14 Oct 2020 09:36:49 GMT - Info - Server is running on port: 3000
Wed, 14 Oct 2020 09:37:03 GMT - Info - Server is running on port: 3000
Wed, 14 Oct 2020 09:37:05 GMT - Info - Server is running on port: 3000
Wed, 14 Oct 2020 09:37:08 GMT - Info - Server is running on port: 3000
Wed, 14 Oct 2020 09:37:09 GMT - Info - Server is running on port: 3000
Wed, 14 Oct 2020 09:37:13 GMT - Info - Server is running on port: 3000
Wed, 14 Oct 2020 09:37:17 GMT - Info - Server is running on port: 3000
Wed, 14 Oct 2020 11:20:13 GMT - Info - Server is running on port: 3000
Wed, 14 Oct 2020 11:46:48 GMT - Info - Server is running on port: 3000
Wed, 14 Oct 2020 12:37:17 GMT - Info - Server is running on port: 3000
Wed, 14 Oct 2020 15:28:55 GMT - Info - Server is running on port: 3000
Wed, 14 Oct 2020 15:29:46 GMT - Debug - auth.service - signup with email: ikill499@gmail.com
Wed, 14 Oct 2020 15:30:31 GMT - Debug - auth.service - signup with email: ikill499@gmail.com
Wed, 14 Oct 2020 15:32:01 GMT - Debug - auth.service - signup with email: ikill499@gmail.com
Wed, 14 Oct 2020 15:42:08 GMT - Debug - [{"_id":"5f7dbb79c4d1032984d1711d","email":"maorba6@gmail.com","fname":"sa","lname":"Doe","emailSends":true,"activeMail":true,"isAdmin":true,"createdAt":1602075513480,"favs":[{"_id":"5f84070ecd125543e87ae9a5","name":"grdgr","price":343,"category":"Belts","sizes":["XXL ","L ","S "],"colors":["orange ","red ","green "],"imgUrls":["http://res.cloudinary.com/dipbacno0/image/upload/v1602488073/pqz6vhusnoqlpqab1bm5.jpg"]},{"_id":"5f849940d10df516a88f8396","name":"ערגעג","price":7,"category":"Belts","sizes":["XL ","XS"],"colors":["green ","red ","pink "],"imgUrls":["http://res.cloudinary.com/dipbacno0/image/upload/v1602525515/xw1fiftbixhncytwgral.jpg","http://res.cloudinary.com/dipbacno0/image/upload/v1602525525/hhln14ir4enhiohzbox4.jpg","http://res.cloudinary.com/dipbacno0/image/upload/v1602525528/yntg18zpjwr83dnz0c5v.jpg","http://res.cloudinary.com/dipbacno0/image/upload/v1602525532/lphsfuum2bcgp98kd2nh.jpg","http://res.cloudinary.com/dipbacno0/image/upload/v1602525537/oj5zhkjzsfvxh8flwqvb.jpg"]},{"_id":"5f8406f1cd125543e87ae9a4","name":"fsefs","price":54,"category":"Coat","sizes":["XL ","L ","S "],"colors":["blue ","red ","pink "],"imgUrls":["http://res.cloudinary.com/dipbacno0/image/upload/v1602507568/r8nrwa12pjgdkfqqiurb.jpg"]},{"_id":"5f8332d7e664181b5c8f0c6f","name":"a coatt ","type":"shirt","price":54,"category":"sport","brand":"","sizes":["XXL ","XL ","M "],"colors":["yellow ","green ","white ","blue "],"imgUrls":["http://res.cloudinary.com/dipbacno0/image/upload/v1602433744/iajamyxa7ynu6816yvrm.jpg"]},{"_id":"5f8332d7e664181b5c8f0c6f","name":"a coatt ","type":"shirt","price":54,"category":"sport","brand":"","sizes":["XXL ","XL ","M "],"colors":["yellow ","green ","white ","blue "],"imgUrls":["http://res.cloudinary.com/dipbacno0/image/upload/v1602433744/iajamyxa7ynu6816yvrm.jpg"]}],"cart":[{"_id":"5f82cfaa6844bd559438c88a","name":"Adi peled","type":"shirt","price":121312323,"category":"casual","brand":"","imgUrls":["http://res.cloudinary.com/dipbacno0/image/upload/v1602408348/aqcdry1cmyr6pe0om2pm.jpg"],"size":"S ","color":"red "},{"_id":"5f84070ecd125543e87ae9a5","name":"grdgr","price":343,"category":"Belts","imgUrls":["http://res.cloudinary.com/dipbacno0/image/upload/v1602488073/pqz6vhusnoqlpqab1bm5.jpg"],"color":"green ","size":"XXL "},{"_id":"5f7eca01cb17f22040e1a762","name":"shirt xx","type":"shirt","price":111,"category":"Socks","brand":"nike","imgUrls":["http://res.cloudinary.com/dipbacno0/image/upload/v1602144754/wwtcujfwrrdsab6ejw5w.jpg"],"size":"XL ","color":"red "}],"orders":[{"id":"KG955NNN1WHWZ","createdAt":1602664656949,"items":[{"_id":"5f82cfaa6844bd559438c88a","name":"Adi peled","type":"shirt","price":121312323,"category":"casual","brand":"","imgUrls":["http://res.cloudinary.com/dipbacno0/image/upload/v1602408348/aqcdry1cmyr6pe0om2pm.jpg"],"size":"S ","color":"red "},{"_id":"5f84070ecd125543e87ae9a5","name":"grdgr","price":343,"category":"Belts","imgUrls":["http://res.cloudinary.com/dipbacno0/image/upload/v1602488073/pqz6vhusnoqlpqab1bm5.jpg"],"color":"green ","size":"XXL "},{"_id":"5f7eca01cb17f22040e1a762","name":"shirt xx","type":"shirt","price":111,"category":"Socks","brand":"nike","imgUrls":["http://res.cloudinary.com/dipbacno0/image/upload/v1602144754/wwtcujfwrrdsab6ejw5w.jpg"],"size":"XL ","color":"red "}],"totalPrice":121312777,"address":"גשדג","phoneNumber":20505050},{"id":"KG957N3SUBNHA","createdAt":1602664749529,"items":[{"_id":"5f82cfaa6844bd559438c88a","name":"Adi peled","type":"shirt","price":121312323,"category":"casual","brand":"","imgUrls":["http://res.cloudinary.com/dipbacno0/image/upload/v1602408348/aqcdry1cmyr6pe0om2pm.jpg"],"size":"S ","color":"red "},{"_id":"5f84070ecd125543e87ae9a5","name":"grdgr","price":343,"category":"Belts","imgUrls":["http://res.cloudinary.com/dipbacno0/image/upload/v1602488073/pqz6vhusnoqlpqab1bm5.jpg"],"color":"green ","size":"XXL "},{"_id":"5f7eca01cb17f22040e1a762","name":"shirt xx","type":"shirt","price":111,"category":"Socks","brand":"nike","imgUrls":["http://res.cloudinary.com/dipbacno0/image/upload/v1602144754/wwtcujfwrrdsab6ejw5w.jpg"],"size":"XL ","color":"red "}],"totalPrice":121312777,"address":"asdasdasd","phoneNumber":505045207450},{"id":"KG957N3SUBNHA","createdAt":1602664749529,"items":[{"_id":"5f82cfaa6844bd559438c88a","name":"Adi peled","type":"shirt","price":121312323,"category":"casual","brand":"","imgUrls":["http://res.cloudinary.com/dipbacno0/image/upload/v1602408348/aqcdry1cmyr6pe0om2pm.jpg"],"size":"S ","color":"red "},{"_id":"5f84070ecd125543e87ae9a5","name":"grdgr","price":343,"category":"Belts","imgUrls":["http://res.cloudinary.com/dipbacno0/image/upload/v1602488073/pqz6vhusnoqlpqab1bm5.jpg"],"color":"green ","size":"XXL "},{"_id":"5f7eca01cb17f22040e1a762","name":"shirt xx","type":"shirt","price":111,"category":"Socks","brand":"nike","imgUrls":["http://res.cloudinary.com/dipbacno0/image/upload/v1602144754/wwtcujfwrrdsab6ejw5w.jpg"],"size":"XL ","color":"red "}],"totalPrice":121312777,"address":"asdasdasd","phoneNumber":505045207450},{"id":"KG957N3SUBNHA","createdAt":1602664753746,"items":[{"_id":"5f82cfaa6844bd559438c88a","name":"Adi peled","type":"shirt","price":121312323,"category":"casual","brand":"","imgUrls":["http://res.cloudinary.com/dipbacno0/image/upload/v1602408348/aqcdry1cmyr6pe0om2pm.jpg"],"size":"S ","color":"red "},{"_id":"5f84070ecd125543e87ae9a5","name":"grdgr","price":343,"category":"Belts","imgUrls":["http://res.cloudinary.com/dipbacno0/image/upload/v1602488073/pqz6vhusnoqlpqab1bm5.jpg"],"color":"green ","size":"XXL "},{"_id":"5f7eca01cb17f22040e1a762","name":"shirt xx","type":"shirt","price":111,"category":"Socks","brand":"nike","imgUrls":["http://res.cloudinary.com/dipbacno0/image/upload/v1602144754/wwtcujfwrrdsab6ejw5w.jpg"],"size":"XL ","color":"red "}],"totalPrice":121312777,"address":"asdasdasd","phoneNumber":505045207450},{"id":"KG957N3SUBNHA","createdAt":1602664754121,"items":[{"_id":"5f82cfaa6844bd559438c88a","name":"Adi peled","type":"shirt","price":121312323,"category":"casual","brand":"","imgUrls":["http://res.cloudinary.com/dipbacno0/image/upload/v1602408348/aqcdry1cmyr6pe0om2pm.jpg"],"size":"S ","color":"red "},{"_id":"5f84070ecd125543e87ae9a5","name":"grdgr","price":343,"category":"Belts","imgUrls":["http://res.cloudinary.com/dipbacno0/image/upload/v1602488073/pqz6vhusnoqlpqab1bm5.jpg"],"color":"green ","size":"XXL "},{"_id":"5f7eca01cb17f22040e1a762","name":"shirt xx","type":"shirt","price":111,"category":"Socks","brand":"nike","imgUrls":["http://res.cloudinary.com/dipbacno0/image/upload/v1602144754/wwtcujfwrrdsab6ejw5w.jpg"],"size":"XL ","color":"red "}],"totalPrice":121312777,"address":"asdasdasd","phoneNumber":505045207450},{"id":"KG957N3SUBNHA","createdAt":1602664754464,"items":[{"_id":"5f82cfaa6844bd559438c88a","name":"Adi peled","type":"shirt","price":121312323,"category":"casual","brand":"","imgUrls":["http://res.cloudinary.com/dipbacno0/image/upload/v1602408348/aqcdry1cmyr6pe0om2pm.jpg"],"size":"S ","color":"red "},{"_id":"5f84070ecd125543e87ae9a5","name":"grdgr","price":343,"category":"Belts","imgUrls":["http://res.cloudinary.com/dipbacno0/image/upload/v1602488073/pqz6vhusnoqlpqab1bm5.jpg"],"color":"green ","size":"XXL "},{"_id":"5f7eca01cb17f22040e1a762","name":"shirt xx","type":"shirt","price":111,"category":"Socks","brand":"nike","imgUrls":["http://res.cloudinary.com/dipbacno0/image/upload/v1602144754/wwtcujfwrrdsab6ejw5w.jpg"],"size":"XL ","color":"red "}],"totalPrice":121312777,"address":"asdasdasd","phoneNumber":505045207450},{"id":"KG957N3SUBNHA","createdAt":1602664754464,"items":[{"_id":"5f82cfaa6844bd559438c88a","name":"Adi peled","type":"shirt","price":121312323,"category":"casual","brand":"","imgUrls":["http://res.cloudinary.com/dipbacno0/image/upload/v1602408348/aqcdry1cmyr6pe0om2pm.jpg"],"size":"S ","color":"red "},{"_id":"5f84070ecd125543e87ae9a5","name":"grdgr","price":343,"category":"Belts","imgUrls":["http://res.cloudinary.com/dipbacno0/image/upload/v1602488073/pqz6vhusnoqlpqab1bm5.jpg"],"color":"green ","size":"XXL "},{"_id":"5f7eca01cb17f22040e1a762","name":"shirt xx","type":"shirt","price":111,"category":"Socks","brand":"nike","imgUrls":["http://res.cloudinary.com/dipbacno0/image/upload/v1602144754/wwtcujfwrrdsab6ejw5w.jpg"],"size":"XL ","color":"red "}],"totalPrice":121312777,"address":"asdasdasd","phoneNumber":505045207450},{"id":"KG957N3SUBNHA","createdAt":1602664755083,"items":[{"_id":"5f82cfaa6844bd559438c88a","name":"Adi peled","type":"shirt","price":121312323,"category":"casual","brand":"","imgUrls":["http://res.cloudinary.com/dipbacno0/image/upload/v1602408348/aqcdry1cmyr6pe0om2pm.jpg"],"size":"S ","color":"red "},{"_id":"5f84070ecd125543e87ae9a5","name":"grdgr","price":343,"category":"Belts","imgUrls":["http://res.cloudinary.com/dipbacno0/image/upload/v1602488073/pqz6vhusnoqlpqab1bm5.jpg"],"color":"green ","size":"XXL "},{"_id":"5f7eca01cb17f22040e1a762","name":"shirt xx","type":"shirt","price":111,"category":"Socks","brand":"nike","imgUrls":["http://res.cloudinary.com/dipbacno0/image/upload/v1602144754/wwtcujfwrrdsab6ejw5w.jpg"],"size":"XL ","color":"red "}],"totalPrice":121312777,"address":"asdasdasd","phoneNumber":505045207450},{"id":"KG957N3SUBNHA","createdAt":1602664755083,"items":[{"_id":"5f82cfaa6844bd559438c88a","name":"Adi peled","type":"shirt","price":121312323,"category":"casual","brand":"","imgUrls":["http://res.cloudinary.com/dipbacno0/image/upload/v1602408348/aqcdry1cmyr6pe0om2pm.jpg"],"size":"S ","color":"red "},{"_id":"5f84070ecd125543e87ae9a5","name":"grdgr","price":343,"category":"Belts","imgUrls":["http://res.cloudinary.com/dipbacno0/image/upload/v1602488073/pqz6vhusnoqlpqab1bm5.jpg"],"color":"green ","size":"XXL "},{"_id":"5f7eca01cb17f22040e1a762","name":"shirt xx","type":"shirt","price":111,"category":"Socks","brand":"nike","imgUrls":["http://res.cloudinary.com/dipbacno0/image/upload/v1602144754/wwtcujfwrrdsab6ejw5w.jpg"],"size":"XL ","color":"red "}],"totalPrice":121312777,"address":"asdasdasd","phoneNumber":505045207450}],"password":"$2b$10$Epi1OE/Ecu0eY.71GjNlk.inACKuFwCIoQHw0xPpkUylaPJsnVj/O"},{"_id":"5f8719f1f5123363a06899ef","email":"ikill499@gmail.com","fname":"wfes","lname":"fesf","emailSends":false,"activeMail":true,"isAdmin":false,"createdAt":1602689521897,"favs":[],"cart":[],"orders":[],"password":"$2b$10$wplpM3IUiFSm06UpNySkK.knur02iucKezBrzFVsIi5xRnZajlXTi"}]
Wed, 14 Oct 2020 15:42:39 GMT - Info - Server is running on port: 3000
Wed, 14 Oct 2020 15:42:44 GMT - Info - Server is running on port: 3000
Wed, 14 Oct 2020 15:42:47 GMT - Info - Server is running on port: 3000
Wed, 14 Oct 2020 15:43:38 GMT - Info - Server is running on port: 3000
Wed, 14 Oct 2020 15:43:41 GMT - Info - Server is running on port: 3000
Wed, 14 Oct 2020 15:45:42 GMT - Info - Server is running on port: 3000
Wed, 14 Oct 2020 15:45:44 GMT - Info - Server is running on port: 3000
Wed, 14 Oct 2020 15:45:52 GMT - Info - Server is running on port: 3000
Wed, 14 Oct 2020 15:46:04 GMT - Info - Server is running on port: 3000
Wed, 14 Oct 2020 15:47:20 GMT - Info - Server is running on port: 3000
Wed, 14 Oct 2020 15:47:21 GMT - Info - Server is running on port: 3000
Wed, 14 Oct 2020 15:47:24 GMT - Info - Server is running on port: 3000
Wed, 14 Oct 2020 15:47:57 GMT - Info - Server is running on port: 3000
Wed, 14 Oct 2020 15:48:14 GMT - Info - Server is running on port: 3000
Wed, 14 Oct 2020 15:48:41 GMT - Info - Server is running on port: 3000
Wed, 14 Oct 2020 15:54:17 GMT - Info - Server is running on port: 3000
Wed, 14 Oct 2020 15:54:19 GMT - Info - Server is running on port: 3000
Wed, 14 Oct 2020 15:54:23 GMT - Info - Server is running on port: 3000
Wed, 14 Oct 2020 15:54:25 GMT - Info - Server is running on port: 3000
Wed, 14 Oct 2020 15:54:33 GMT - Info - Server is running on port: 3000
Wed, 14 Oct 2020 16:05:17 GMT - Info - Server is running on port: 3000
Wed, 14 Oct 2020 16:06:16 GMT - Info - Server is running on port: 3000
Wed, 14 Oct 2020 16:07:38 GMT - Info - Server is running on port: 3000
Wed, 14 Oct 2020 16:12:46 GMT - Info - Server is running on port: 3000
Wed, 14 Oct 2020 16:12:56 GMT - Info - Server is running on port: 3000
Wed, 14 Oct 2020 16:19:31 GMT - Info - Server is running on port: 3000
Wed, 14 Oct 2020 16:19:46 GMT - Info - Server is running on port: 3000
Wed, 14 Oct 2020 16:19:47 GMT - Info - Server is running on port: 3000
Wed, 14 Oct 2020 16:23:41 GMT - Info - Server is running on port: 3000
Wed, 14 Oct 2020 16:24:07 GMT - Info - Server is running on port: 3000
Wed, 14 Oct 2020 16:24:13 GMT - Info - Server is running on port: 3000
Wed, 14 Oct 2020 17:22:03 GMT - Info - Server is running on port: 3000
Thu, 15 Oct 2020 07:07:18 GMT - Info - Server is running on port: 3000
<<<<<<< HEAD
Thu, 15 Oct 2020 11:58:52 GMT - Info - Server is running on port: 3000
Thu, 15 Oct 2020 20:03:02 GMT - Info - Server is running on port: 3000
Sun, 18 Oct 2020 04:22:32 GMT - Info - Server is running on port: 3000
Sun, 18 Oct 2020 10:10:40 GMT - Info - Server is running on port: 3000
Sun, 18 Oct 2020 21:45:21 GMT - Info - Server is running on port: 3000
Sun, 18 Oct 2020 22:08:17 GMT - Info - Server is running on port: 3000
=======
Thu, 15 Oct 2020 10:36:39 GMT - Debug - auth.service - signup with email: ikill499@gmail.com
Thu, 15 Oct 2020 10:36:39 GMT - Debug - auth.service - signup with email: ikill499@gmail.com
Thu, 15 Oct 2020 10:36:42 GMT - Debug - auth.service - signup with email: ikill499@gmail.com
Thu, 15 Oct 2020 10:38:35 GMT - Debug - auth.service - signup with email: ikill499@gmail.com
Thu, 15 Oct 2020 10:39:19 GMT - Debug - auth.service - signup with email: ikill499@gmail.com
Thu, 15 Oct 2020 10:40:17 GMT - Debug - auth.service - signup with email: ikill499@gmail.com
Thu, 15 Oct 2020 10:43:10 GMT - Debug - auth.service - signup with email: ikill499@gmail.com
Thu, 15 Oct 2020 12:44:14 GMT - Info - Server is running on port: 3000
Thu, 15 Oct 2020 12:44:16 GMT - Info - Server is running on port: 3000
Thu, 15 Oct 2020 12:44:26 GMT - Info - Server is running on port: 3000
Thu, 15 Oct 2020 12:44:35 GMT - Info - Server is running on port: 3000
Thu, 15 Oct 2020 12:44:38 GMT - Info - Server is running on port: 3000
Thu, 15 Oct 2020 12:44:41 GMT - Info - Server is running on port: 3000
Thu, 15 Oct 2020 12:44:42 GMT - Info - Server is running on port: 3000
Thu, 15 Oct 2020 12:44:44 GMT - Info - Server is running on port: 3000
Thu, 15 Oct 2020 12:44:47 GMT - Info - Server is running on port: 3000
Thu, 15 Oct 2020 12:44:49 GMT - Info - Server is running on port: 3000
Thu, 15 Oct 2020 12:44:51 GMT - Info - Server is running on port: 3000
Thu, 15 Oct 2020 12:44:53 GMT - Info - Server is running on port: 3000
Thu, 15 Oct 2020 12:44:56 GMT - Info - Server is running on port: 3000
Thu, 15 Oct 2020 12:44:58 GMT - Info - Server is running on port: 3000
Thu, 15 Oct 2020 12:45:05 GMT - Info - Server is running on port: 3000
Thu, 15 Oct 2020 12:45:06 GMT - Info - Server is running on port: 3000
Thu, 15 Oct 2020 12:45:08 GMT - Info - Server is running on port: 3000
Thu, 15 Oct 2020 12:45:09 GMT - Info - Server is running on port: 3000
Thu, 15 Oct 2020 12:45:52 GMT - Info - Server is running on port: 3000
Thu, 15 Oct 2020 12:45:55 GMT - Info - Server is running on port: 3000
Thu, 15 Oct 2020 12:45:59 GMT - Info - Server is running on port: 3000
Thu, 15 Oct 2020 12:46:08 GMT - Info - Server is running on port: 3000
Thu, 15 Oct 2020 12:47:30 GMT - Info - Server is running on port: 3000
Thu, 15 Oct 2020 12:48:01 GMT - Info - Server is running on port: 3000
Thu, 15 Oct 2020 12:48:02 GMT - Info - Server is running on port: 3000
Thu, 15 Oct 2020 12:48:08 GMT - Info - Server is running on port: 3000
Thu, 15 Oct 2020 12:48:13 GMT - Info - Server is running on port: 3000
Thu, 15 Oct 2020 12:48:17 GMT - Info - Server is running on port: 3000
Thu, 15 Oct 2020 12:48:20 GMT - Info - Server is running on port: 3000
Thu, 15 Oct 2020 12:48:27 GMT - Info - Server is running on port: 3000
Thu, 15 Oct 2020 12:48:28 GMT - Info - Server is running on port: 3000
Thu, 15 Oct 2020 12:48:32 GMT - Info - Server is running on port: 3000
Thu, 15 Oct 2020 12:48:33 GMT - Info - Server is running on port: 3000
Thu, 15 Oct 2020 12:48:35 GMT - Info - Server is running on port: 3000
Thu, 15 Oct 2020 12:48:37 GMT - Info - Server is running on port: 3000
Thu, 15 Oct 2020 12:48:41 GMT - Info - Server is running on port: 3000
Thu, 15 Oct 2020 12:48:43 GMT - Info - Server is running on port: 3000
Thu, 15 Oct 2020 12:48:44 GMT - Info - Server is running on port: 3000
Thu, 15 Oct 2020 12:48:46 GMT - Info - Server is running on port: 3000
Thu, 15 Oct 2020 12:48:54 GMT - Info - Server is running on port: 3000
Thu, 15 Oct 2020 12:49:00 GMT - Info - Server is running on port: 3000
Thu, 15 Oct 2020 13:06:23 GMT - Info - Server is running on port: 3000
Thu, 15 Oct 2020 15:37:40 GMT - Info - Server is running on port: 3000
Thu, 15 Oct 2020 16:54:57 GMT - Info - Server is running on port: 3000
Thu, 15 Oct 2020 17:18:44 GMT - Info - Server is running on port: 3000
Thu, 15 Oct 2020 17:30:28 GMT - Info - Server is running on port: 3000
Thu, 15 Oct 2020 18:56:18 GMT - Info - Server is running on port: 3000
Thu, 15 Oct 2020 19:20:22 GMT - Info - Server is running on port: 3000
Fri, 16 Oct 2020 08:36:34 GMT - Info - Server is running on port: 3000
Fri, 16 Oct 2020 08:41:29 GMT - Debug - auth.service - signup with email: ikill499@gmail.com
Fri, 16 Oct 2020 08:42:49 GMT - Info - Server is running on port: 3000
Fri, 16 Oct 2020 08:43:31 GMT - Info - Server is running on port: 3000
Fri, 16 Oct 2020 08:44:40 GMT - Info - Server is running on port: 3000
Fri, 16 Oct 2020 08:45:12 GMT - Info - Server is running on port: 3000
Fri, 16 Oct 2020 08:45:16 GMT - Info - Server is running on port: 3000
Fri, 16 Oct 2020 08:45:58 GMT - Info - Server is running on port: 3000
Fri, 16 Oct 2020 08:46:00 GMT - Info - Server is running on port: 3000
Fri, 16 Oct 2020 08:46:03 GMT - Info - Server is running on port: 3000
Fri, 16 Oct 2020 08:46:08 GMT - Info - Server is running on port: 3000
Fri, 16 Oct 2020 08:46:12 GMT - Info - Server is running on port: 3000
Fri, 16 Oct 2020 08:46:18 GMT - Info - Server is running on port: 3000
Fri, 16 Oct 2020 08:46:21 GMT - Info - Server is running on port: 3000
Fri, 16 Oct 2020 08:46:31 GMT - Info - Server is running on port: 3000
Fri, 16 Oct 2020 08:47:25 GMT - Info - Server is running on port: 3000
Fri, 16 Oct 2020 08:47:31 GMT - Info - Server is running on port: 3000
Fri, 16 Oct 2020 08:47:35 GMT - Info - Server is running on port: 3000
Fri, 16 Oct 2020 08:47:37 GMT - Info - Server is running on port: 3000
Fri, 16 Oct 2020 08:47:40 GMT - Info - Server is running on port: 3000
Fri, 16 Oct 2020 08:47:44 GMT - Info - Server is running on port: 3000
Fri, 16 Oct 2020 08:47:47 GMT - Info - Server is running on port: 3000
Fri, 16 Oct 2020 08:47:49 GMT - Info - Server is running on port: 3000
Fri, 16 Oct 2020 08:47:56 GMT - Info - Server is running on port: 3000
Fri, 16 Oct 2020 08:47:58 GMT - Info - Server is running on port: 3000
Fri, 16 Oct 2020 08:48:00 GMT - Info - Server is running on port: 3000
Fri, 16 Oct 2020 08:52:27 GMT - Info - Server is running on port: 3000
Fri, 16 Oct 2020 08:53:15 GMT - Info - Server is running on port: 3000
Fri, 16 Oct 2020 08:54:26 GMT - Info - Server is running on port: 3000
Fri, 16 Oct 2020 08:55:11 GMT - Info - Server is running on port: 3000
Fri, 16 Oct 2020 09:00:13 GMT - Debug - auth.service - signup with email: ikill499@gmail.com
Fri, 16 Oct 2020 09:21:14 GMT - Info - Server is running on port: 3000
Fri, 16 Oct 2020 09:21:17 GMT - Info - Server is running on port: 3000
Fri, 16 Oct 2020 09:21:18 GMT - Info - Server is running on port: 3000
Fri, 16 Oct 2020 09:21:19 GMT - Info - Server is running on port: 3000
Fri, 16 Oct 2020 09:23:15 GMT - Info - Server is running on port: 3000
Fri, 16 Oct 2020 09:24:44 GMT - Info - Server is running on port: 3000
Fri, 16 Oct 2020 09:24:48 GMT - Info - Server is running on port: 3000
Fri, 16 Oct 2020 09:25:01 GMT - Info - Server is running on port: 3000
Fri, 16 Oct 2020 09:25:03 GMT - Info - Server is running on port: 3000
Fri, 16 Oct 2020 09:25:04 GMT - Info - Server is running on port: 3000
Fri, 16 Oct 2020 09:25:05 GMT - Info - Server is running on port: 3000
Fri, 16 Oct 2020 09:25:09 GMT - Info - Server is running on port: 3000
Fri, 16 Oct 2020 09:25:23 GMT - Info - Server is running on port: 3000
Fri, 16 Oct 2020 09:27:50 GMT - Info - Server is running on port: 3000
Fri, 16 Oct 2020 09:27:52 GMT - Info - Server is running on port: 3000
Fri, 16 Oct 2020 09:27:53 GMT - Info - Server is running on port: 3000
Fri, 16 Oct 2020 09:27:55 GMT - Info - Server is running on port: 3000
Fri, 16 Oct 2020 09:28:13 GMT - Info - Server is running on port: 3000
Fri, 16 Oct 2020 09:28:25 GMT - Info - Server is running on port: 3000
Fri, 16 Oct 2020 09:28:28 GMT - Info - Server is running on port: 3000
Fri, 16 Oct 2020 09:28:32 GMT - Info - Server is running on port: 3000
Fri, 16 Oct 2020 09:28:58 GMT - Info - Server is running on port: 3000
Fri, 16 Oct 2020 09:29:04 GMT - Info - Server is running on port: 3000
Fri, 16 Oct 2020 09:29:50 GMT - Debug - auth.service - signup with email: ikill499@gmail.com
Fri, 16 Oct 2020 09:32:55 GMT - Info - Server is running on port: 3000
Fri, 16 Oct 2020 09:34:04 GMT - Info - Server is running on port: 3000
Fri, 16 Oct 2020 09:34:05 GMT - Info - Server is running on port: 3000
Fri, 16 Oct 2020 09:34:07 GMT - Info - Server is running on port: 3000
Fri, 16 Oct 2020 09:34:09 GMT - Info - Server is running on port: 3000
Fri, 16 Oct 2020 09:34:11 GMT - Info - Server is running on port: 3000
Fri, 16 Oct 2020 09:34:45 GMT - Debug - auth.service - signup with email: ikill499@gmail.com
Fri, 16 Oct 2020 09:45:02 GMT - Info - Server is running on port: 3000
Fri, 16 Oct 2020 10:59:44 GMT - Info - Server is running on port: 3000
Fri, 16 Oct 2020 12:15:31 GMT - Info - Server is running on port: 3000
Fri, 16 Oct 2020 21:43:45 GMT - Info - Server is running on port: 3000
Fri, 16 Oct 2020 22:11:19 GMT - Info - Server is running on port: 3000
Fri, 16 Oct 2020 22:11:21 GMT - Info - Server is running on port: 3000
Fri, 16 Oct 2020 22:11:25 GMT - Info - Server is running on port: 3000
Fri, 16 Oct 2020 22:11:31 GMT - Info - Server is running on port: 3000
Fri, 16 Oct 2020 22:11:33 GMT - Info - Server is running on port: 3000
Fri, 16 Oct 2020 22:11:34 GMT - Info - Server is running on port: 3000
Fri, 16 Oct 2020 22:13:22 GMT - Info - Server is running on port: 3000
Fri, 16 Oct 2020 22:13:33 GMT - Info - Server is running on port: 3000
Fri, 16 Oct 2020 22:13:37 GMT - Info - Server is running on port: 3000
Fri, 16 Oct 2020 22:15:44 GMT - Debug - auth.service - signup with email: ikill499@gmail.com
Fri, 16 Oct 2020 22:25:47 GMT - Info - Server is running on port: 3000
Fri, 16 Oct 2020 22:26:11 GMT - Info - Server is running on port: 3000
Fri, 16 Oct 2020 22:26:13 GMT - Info - Server is running on port: 3000
Fri, 16 Oct 2020 22:26:15 GMT - Info - Server is running on port: 3000
Fri, 16 Oct 2020 22:26:16 GMT - Info - Server is running on port: 3000
Fri, 16 Oct 2020 22:26:27 GMT - Info - Server is running on port: 3000
Fri, 16 Oct 2020 22:26:40 GMT - Info - Server is running on port: 3000
Fri, 16 Oct 2020 22:26:44 GMT - Info - Server is running on port: 3000
Fri, 16 Oct 2020 22:28:42 GMT - Info - Server is running on port: 3000
Fri, 16 Oct 2020 22:28:44 GMT - Info - Server is running on port: 3000
Fri, 16 Oct 2020 22:28:45 GMT - Info - Server is running on port: 3000
Fri, 16 Oct 2020 22:28:50 GMT - Info - Server is running on port: 3000
Fri, 16 Oct 2020 22:28:59 GMT - Info - Server is running on port: 3000
Fri, 16 Oct 2020 22:29:05 GMT - Info - Server is running on port: 3000
Fri, 16 Oct 2020 22:32:27 GMT - Info - Server is running on port: 3000
Fri, 16 Oct 2020 22:32:29 GMT - Info - Server is running on port: 3000
Fri, 16 Oct 2020 22:32:31 GMT - Info - Server is running on port: 3000
Fri, 16 Oct 2020 23:14:56 GMT - Info - Server is running on port: 3000
Fri, 16 Oct 2020 23:20:50 GMT - Info - Server is running on port: 3000
Fri, 16 Oct 2020 23:20:53 GMT - Info - Server is running on port: 3000
Fri, 16 Oct 2020 23:22:38 GMT - Info - Server is running on port: 3000
Sat, 17 Oct 2020 13:19:41 GMT - Info - Server is running on port: 3000
Sat, 17 Oct 2020 13:58:11 GMT - Info - Server is running on port: 3000
Sun, 18 Oct 2020 07:05:56 GMT - Info - Server is running on port: 3000
Sun, 18 Oct 2020 09:00:58 GMT - Info - Server is running on port: 3000
Sun, 18 Oct 2020 09:01:06 GMT - Info - Server is running on port: 3000
Sun, 18 Oct 2020 09:10:41 GMT - Info - Server is running on port: 3000
Sun, 18 Oct 2020 09:10:46 GMT - Info - Server is running on port: 3000
Sun, 18 Oct 2020 09:10:51 GMT - Info - Server is running on port: 3000
Sun, 18 Oct 2020 09:10:53 GMT - Info - Server is running on port: 3000
Sun, 18 Oct 2020 09:10:55 GMT - Info - Server is running on port: 3000
Sun, 18 Oct 2020 09:11:30 GMT - Info - Server is running on port: 3000
Sun, 18 Oct 2020 09:11:34 GMT - Info - Server is running on port: 3000
Sun, 18 Oct 2020 09:11:36 GMT - Info - Server is running on port: 3000
Sun, 18 Oct 2020 09:11:43 GMT - Info - Server is running on port: 3000
Sun, 18 Oct 2020 09:11:50 GMT - Info - Server is running on port: 3000
Sun, 18 Oct 2020 09:11:56 GMT - Info - Server is running on port: 3000
Sun, 18 Oct 2020 09:13:05 GMT - Info - Server is running on port: 3000
Sun, 18 Oct 2020 09:13:07 GMT - Info - Server is running on port: 3000
Sun, 18 Oct 2020 09:13:11 GMT - Info - Server is running on port: 3000
Sun, 18 Oct 2020 09:14:02 GMT - Info - Server is running on port: 3000
Sun, 18 Oct 2020 09:14:21 GMT - Info - Server is running on port: 3000
Sun, 18 Oct 2020 09:22:53 GMT - Info - Server is running on port: 3000
Sun, 18 Oct 2020 09:23:05 GMT - Info - Server is running on port: 3000
Sun, 18 Oct 2020 09:30:28 GMT - Info - Server is running on port: 3000
Sun, 18 Oct 2020 09:30:53 GMT - Info - Server is running on port: 3000
Sun, 18 Oct 2020 09:31:46 GMT - Info - Server is running on port: 3000
Sun, 18 Oct 2020 09:32:50 GMT - Info - Server is running on port: 3000
Sun, 18 Oct 2020 09:32:55 GMT - Info - Server is running on port: 3000
Sun, 18 Oct 2020 09:33:43 GMT - Info - Server is running on port: 3000
Sun, 18 Oct 2020 09:33:47 GMT - Info - Server is running on port: 3000
Sun, 18 Oct 2020 09:35:00 GMT - Info - Server is running on port: 3000
Sun, 18 Oct 2020 09:38:25 GMT - Info - Server is running on port: 3000
Sun, 18 Oct 2020 09:38:36 GMT - Info - Server is running on port: 3000
Sun, 18 Oct 2020 09:39:41 GMT - Info - Server is running on port: 3000
Sun, 18 Oct 2020 09:39:46 GMT - Info - Server is running on port: 3000
Sun, 18 Oct 2020 09:43:14 GMT - Info - Server is running on port: 3000
Sun, 18 Oct 2020 09:43:16 GMT - Info - Server is running on port: 3000
Sun, 18 Oct 2020 09:46:50 GMT - Info - Server is running on port: 3000
Sun, 18 Oct 2020 09:47:15 GMT - Info - Server is running on port: 3000
Sun, 18 Oct 2020 09:47:56 GMT - Info - Server is running on port: 3000
Sun, 18 Oct 2020 09:56:17 GMT - Info - Server is running on port: 3000
Sun, 18 Oct 2020 09:56:21 GMT - Info - Server is running on port: 3000
Sun, 18 Oct 2020 09:56:23 GMT - Info - Server is running on port: 3000
Sun, 18 Oct 2020 09:56:52 GMT - Info - Server is running on port: 3000
Sun, 18 Oct 2020 09:56:59 GMT - Info - Server is running on port: 3000
Sun, 18 Oct 2020 09:57:00 GMT - Info - Server is running on port: 3000
Sun, 18 Oct 2020 09:57:03 GMT - Info - Server is running on port: 3000
Sun, 18 Oct 2020 09:57:20 GMT - Info - Server is running on port: 3000
Sun, 18 Oct 2020 09:57:23 GMT - Info - Server is running on port: 3000
Sun, 18 Oct 2020 09:57:36 GMT - Info - Server is running on port: 3000
Sun, 18 Oct 2020 09:57:42 GMT - Info - Server is running on port: 3000
Sun, 18 Oct 2020 09:57:49 GMT - Info - Server is running on port: 3000
Sun, 18 Oct 2020 09:58:05 GMT - Info - Server is running on port: 3000
Sun, 18 Oct 2020 09:58:07 GMT - Info - Server is running on port: 3000
Sun, 18 Oct 2020 09:58:09 GMT - Info - Server is running on port: 3000
Sun, 18 Oct 2020 09:59:04 GMT - Info - Server is running on port: 3000
Sun, 18 Oct 2020 09:59:06 GMT - Info - Server is running on port: 3000
Sun, 18 Oct 2020 09:59:10 GMT - Info - Server is running on port: 3000
Sun, 18 Oct 2020 09:59:53 GMT - Info - Server is running on port: 3000
Sun, 18 Oct 2020 09:59:54 GMT - Info - Server is running on port: 3000
Sun, 18 Oct 2020 10:03:13 GMT - Info - Server is running on port: 3000
Sun, 18 Oct 2020 10:03:14 GMT - Info - Server is running on port: 3000
Sun, 18 Oct 2020 10:03:18 GMT - Info - Server is running on port: 3000
Sun, 18 Oct 2020 10:09:05 GMT - Info - Server is running on port: 3000
Sun, 18 Oct 2020 10:09:07 GMT - Info - Server is running on port: 3000
Sun, 18 Oct 2020 10:09:20 GMT - Info - Server is running on port: 3000
Sun, 18 Oct 2020 10:10:17 GMT - Info - Server is running on port: 3000
Sun, 18 Oct 2020 10:10:19 GMT - Info - Server is running on port: 3000
Sun, 18 Oct 2020 10:10:22 GMT - Info - Server is running on port: 3000
Sun, 18 Oct 2020 10:12:27 GMT - Info - Server is running on port: 3000
Sun, 18 Oct 2020 10:12:30 GMT - Info - Server is running on port: 3000
Sun, 18 Oct 2020 10:12:32 GMT - Info - Server is running on port: 3000
Sun, 18 Oct 2020 10:12:43 GMT - Info - Server is running on port: 3000
Sun, 18 Oct 2020 10:33:51 GMT - Info - Server is running on port: 3000
Sun, 18 Oct 2020 10:33:53 GMT - Info - Server is running on port: 3000
Sun, 18 Oct 2020 10:33:56 GMT - Info - Server is running on port: 3000
Sun, 18 Oct 2020 10:34:03 GMT - Info - Server is running on port: 3000
Sun, 18 Oct 2020 10:34:16 GMT - Info - Server is running on port: 3000
Sun, 18 Oct 2020 10:34:28 GMT - Info - Server is running on port: 3000
Sun, 18 Oct 2020 10:34:44 GMT - Info - Server is running on port: 3000
Sun, 18 Oct 2020 10:34:47 GMT - Info - Server is running on port: 3000
Sun, 18 Oct 2020 10:34:50 GMT - Info - Server is running on port: 3000
Sun, 18 Oct 2020 10:35:33 GMT - Info - Server is running on port: 3000
Sun, 18 Oct 2020 10:36:54 GMT - Info - Server is running on port: 3000
Sun, 18 Oct 2020 10:37:04 GMT - Info - Server is running on port: 3000
Sun, 18 Oct 2020 10:37:31 GMT - Info - Server is running on port: 3000
Sun, 18 Oct 2020 10:37:37 GMT - Info - Server is running on port: 3000
Sun, 18 Oct 2020 10:39:56 GMT - Info - Server is running on port: 3000
Sun, 18 Oct 2020 10:40:09 GMT - Info - Server is running on port: 3000
Sun, 18 Oct 2020 10:40:13 GMT - Info - Server is running on port: 3000
Sun, 18 Oct 2020 10:40:24 GMT - Info - Server is running on port: 3000
Sun, 18 Oct 2020 10:40:45 GMT - Info - Server is running on port: 3000
Sun, 18 Oct 2020 10:41:06 GMT - Info - Server is running on port: 3000
Sun, 18 Oct 2020 10:41:47 GMT - Info - Server is running on port: 3000
Sun, 18 Oct 2020 10:42:34 GMT - Info - Server is running on port: 3000
Sun, 18 Oct 2020 10:45:16 GMT - Info - Server is running on port: 3000
Sun, 18 Oct 2020 10:45:34 GMT - Info - Server is running on port: 3000
Sun, 18 Oct 2020 10:58:30 GMT - Info - Server is running on port: 3000
Sun, 18 Oct 2020 10:58:32 GMT - Info - Server is running on port: 3000
Sun, 18 Oct 2020 10:58:34 GMT - Info - Server is running on port: 3000
Sun, 18 Oct 2020 11:00:10 GMT - Info - Server is running on port: 3000
Sun, 18 Oct 2020 11:00:21 GMT - Info - Server is running on port: 3000
Sun, 18 Oct 2020 11:00:32 GMT - Info - Server is running on port: 3000
Sun, 18 Oct 2020 11:01:03 GMT - Info - Server is running on port: 3000
Sun, 18 Oct 2020 11:01:20 GMT - Info - Server is running on port: 3000
Sun, 18 Oct 2020 11:01:56 GMT - Info - Server is running on port: 3000
Sun, 18 Oct 2020 11:02:15 GMT - Info - Server is running on port: 3000
Sun, 18 Oct 2020 11:02:17 GMT - Info - Server is running on port: 3000
Sun, 18 Oct 2020 11:02:34 GMT - Info - Server is running on port: 3000
Sun, 18 Oct 2020 11:03:00 GMT - Info - Server is running on port: 3000
Sun, 18 Oct 2020 11:03:03 GMT - Info - Server is running on port: 3000
Sun, 18 Oct 2020 11:03:04 GMT - Info - Server is running on port: 3000
Sun, 18 Oct 2020 11:03:06 GMT - Info - Server is running on port: 3000
Sun, 18 Oct 2020 11:03:09 GMT - Info - Server is running on port: 3000
Sun, 18 Oct 2020 11:03:10 GMT - Info - Server is running on port: 3000
Sun, 18 Oct 2020 11:04:50 GMT - Info - Server is running on port: 3000
Sun, 18 Oct 2020 11:05:01 GMT - Info - Server is running on port: 3000
Sun, 18 Oct 2020 11:05:04 GMT - Info - Server is running on port: 3000
Sun, 18 Oct 2020 11:05:37 GMT - Info - Server is running on port: 3000
Sun, 18 Oct 2020 11:05:40 GMT - Info - Server is running on port: 3000
Sun, 18 Oct 2020 11:06:59 GMT - Info - Server is running on port: 3000
Sun, 18 Oct 2020 11:07:00 GMT - Info - Server is running on port: 3000
Sun, 18 Oct 2020 11:07:11 GMT - Info - Server is running on port: 3000
Sun, 18 Oct 2020 11:07:15 GMT - Info - Server is running on port: 3000
Sun, 18 Oct 2020 11:07:57 GMT - Info - Server is running on port: 3000
Sun, 18 Oct 2020 11:08:02 GMT - Info - Server is running on port: 3000
Sun, 18 Oct 2020 11:08:49 GMT - Info - Server is running on port: 3000
Sun, 18 Oct 2020 11:08:52 GMT - Info - Server is running on port: 3000
Sun, 18 Oct 2020 11:09:09 GMT - Info - Server is running on port: 3000
Sun, 18 Oct 2020 11:09:51 GMT - Info - Server is running on port: 3000
Sun, 18 Oct 2020 11:09:53 GMT - Info - Server is running on port: 3000
Sun, 18 Oct 2020 11:09:56 GMT - Info - Server is running on port: 3000
Sun, 18 Oct 2020 11:09:59 GMT - Info - Server is running on port: 3000
Sun, 18 Oct 2020 11:10:04 GMT - Info - Server is running on port: 3000
Sun, 18 Oct 2020 11:10:13 GMT - Info - Server is running on port: 3000
Sun, 18 Oct 2020 11:10:18 GMT - Info - Server is running on port: 3000
Sun, 18 Oct 2020 11:10:21 GMT - Info - Server is running on port: 3000
Sun, 18 Oct 2020 11:10:25 GMT - Info - Server is running on port: 3000
Sun, 18 Oct 2020 11:10:30 GMT - Info - Server is running on port: 3000
Sun, 18 Oct 2020 11:10:32 GMT - Info - Server is running on port: 3000
Sun, 18 Oct 2020 11:25:36 GMT - Info - Server is running on port: 3000
Sun, 18 Oct 2020 11:25:49 GMT - Info - Server is running on port: 3000
Sun, 18 Oct 2020 11:25:52 GMT - Info - Server is running on port: 3000
Sun, 18 Oct 2020 11:26:04 GMT - Info - Server is running on port: 3000
Sun, 18 Oct 2020 11:26:26 GMT - Info - Server is running on port: 3000
Sun, 18 Oct 2020 11:27:10 GMT - Info - Server is running on port: 3000
Sun, 18 Oct 2020 11:27:24 GMT - Info - Server is running on port: 3000
Sun, 18 Oct 2020 11:27:47 GMT - Info - Server is running on port: 3000
Sun, 18 Oct 2020 11:46:50 GMT - Info - Server is running on port: 3000
Sun, 18 Oct 2020 11:46:57 GMT - Info - Server is running on port: 3000
Sun, 18 Oct 2020 11:47:32 GMT - Info - Server is running on port: 3000
Sun, 18 Oct 2020 11:47:37 GMT - Info - Server is running on port: 3000
Sun, 18 Oct 2020 11:49:19 GMT - Info - Server is running on port: 3000
Sun, 18 Oct 2020 11:49:39 GMT - Info - Server is running on port: 3000
Sun, 18 Oct 2020 11:49:43 GMT - Info - Server is running on port: 3000
Sun, 18 Oct 2020 11:49:44 GMT - Info - Server is running on port: 3000
Sun, 18 Oct 2020 11:49:54 GMT - Info - Server is running on port: 3000
Sun, 18 Oct 2020 11:50:04 GMT - Info - Server is running on port: 3000
Sun, 18 Oct 2020 11:50:54 GMT - Info - Server is running on port: 3000
Sun, 18 Oct 2020 11:50:56 GMT - Info - Server is running on port: 3000
Sun, 18 Oct 2020 11:50:57 GMT - Info - Server is running on port: 3000
Sun, 18 Oct 2020 11:51:19 GMT - Info - Server is running on port: 3000
Sun, 18 Oct 2020 11:52:28 GMT - Info - Server is running on port: 3000
Sun, 18 Oct 2020 11:52:31 GMT - Info - Server is running on port: 3000
Sun, 18 Oct 2020 11:53:01 GMT - Info - Server is running on port: 3000
Sun, 18 Oct 2020 11:53:09 GMT - Info - Server is running on port: 3000
Sun, 18 Oct 2020 11:53:11 GMT - Info - Server is running on port: 3000
Sun, 18 Oct 2020 11:53:17 GMT - Info - Server is running on port: 3000
Sun, 18 Oct 2020 11:57:00 GMT - Info - Server is running on port: 3000
Sun, 18 Oct 2020 11:57:07 GMT - Info - Server is running on port: 3000
Sun, 18 Oct 2020 11:59:12 GMT - Info - Server is running on port: 3000
Sun, 18 Oct 2020 11:59:13 GMT - Info - Server is running on port: 3000
Sun, 18 Oct 2020 11:59:18 GMT - Info - Server is running on port: 3000
Sun, 18 Oct 2020 11:59:20 GMT - Info - Server is running on port: 3000
Sun, 18 Oct 2020 11:59:23 GMT - Info - Server is running on port: 3000
Sun, 18 Oct 2020 11:59:28 GMT - Info - Server is running on port: 3000
Sun, 18 Oct 2020 11:59:36 GMT - Info - Server is running on port: 3000
Sun, 18 Oct 2020 11:59:38 GMT - Info - Server is running on port: 3000
Sun, 18 Oct 2020 11:59:53 GMT - Info - Server is running on port: 3000
Sun, 18 Oct 2020 11:59:55 GMT - Info - Server is running on port: 3000
Sun, 18 Oct 2020 12:00:03 GMT - Info - Server is running on port: 3000
Sun, 18 Oct 2020 12:00:27 GMT - Info - Server is running on port: 3000
Sun, 18 Oct 2020 12:00:32 GMT - Info - Server is running on port: 3000
Sun, 18 Oct 2020 12:01:50 GMT - Info - Server is running on port: 3000
Sun, 18 Oct 2020 12:02:08 GMT - Info - Server is running on port: 3000
Sun, 18 Oct 2020 12:02:14 GMT - Info - Server is running on port: 3000
Sun, 18 Oct 2020 12:02:18 GMT - Info - Server is running on port: 3000
Sun, 18 Oct 2020 12:03:05 GMT - Info - Server is running on port: 3000
Sun, 18 Oct 2020 12:03:20 GMT - Info - Server is running on port: 3000
Sun, 18 Oct 2020 12:03:23 GMT - Info - Server is running on port: 3000
Sun, 18 Oct 2020 12:03:27 GMT - Info - Server is running on port: 3000
Sun, 18 Oct 2020 12:04:28 GMT - Info - Server is running on port: 3000
Sun, 18 Oct 2020 12:04:32 GMT - Info - Server is running on port: 3000
Sun, 18 Oct 2020 12:04:34 GMT - Info - Server is running on port: 3000
Sun, 18 Oct 2020 12:05:23 GMT - Info - Server is running on port: 3000
Sun, 18 Oct 2020 12:05:42 GMT - Info - Server is running on port: 3000
Sun, 18 Oct 2020 12:05:47 GMT - Info - Server is running on port: 3000
Sun, 18 Oct 2020 12:06:00 GMT - Info - Server is running on port: 3000
Sun, 18 Oct 2020 12:06:02 GMT - Info - Server is running on port: 3000
Sun, 18 Oct 2020 12:07:10 GMT - Info - Server is running on port: 3000
Sun, 18 Oct 2020 12:09:18 GMT - Info - Server is running on port: 3000
Sun, 18 Oct 2020 12:25:14 GMT - Info - Server is running on port: 3000
Sun, 18 Oct 2020 12:25:19 GMT - Info - Server is running on port: 3000
Sun, 18 Oct 2020 12:27:45 GMT - Info - Server is running on port: 3000
Sun, 18 Oct 2020 12:27:49 GMT - Info - Server is running on port: 3000
Sun, 18 Oct 2020 12:27:52 GMT - Info - Server is running on port: 3000
Sun, 18 Oct 2020 12:27:55 GMT - Info - Server is running on port: 3000
Sun, 18 Oct 2020 12:29:47 GMT - Info - Server is running on port: 3000
Sun, 18 Oct 2020 12:29:52 GMT - Info - Server is running on port: 3000
Sun, 18 Oct 2020 12:30:09 GMT - Info - Server is running on port: 3000
Sun, 18 Oct 2020 12:30:15 GMT - Info - Server is running on port: 3000
Sun, 18 Oct 2020 12:30:21 GMT - Info - Server is running on port: 3000
Sun, 18 Oct 2020 12:30:24 GMT - Info - Server is running on port: 3000
Sun, 18 Oct 2020 12:30:25 GMT - Info - Server is running on port: 3000
Sun, 18 Oct 2020 12:32:13 GMT - Info - Server is running on port: 3000
Sun, 18 Oct 2020 12:32:15 GMT - Info - Server is running on port: 3000
Sun, 18 Oct 2020 12:32:23 GMT - Info - Server is running on port: 3000
Sun, 18 Oct 2020 12:34:10 GMT - Info - Server is running on port: 3000
Sun, 18 Oct 2020 12:47:58 GMT - Info - Server is running on port: 3000
Sun, 18 Oct 2020 12:48:01 GMT - Info - Server is running on port: 3000
Sun, 18 Oct 2020 12:53:03 GMT - Info - Server is running on port: 3000
Sun, 18 Oct 2020 13:18:13 GMT - Info - Server is running on port: 3000
Sun, 18 Oct 2020 13:18:17 GMT - Info - Server is running on port: 3000
Sun, 18 Oct 2020 13:18:20 GMT - Info - Server is running on port: 3000
Sun, 18 Oct 2020 13:18:23 GMT - Info - Server is running on port: 3000
Sun, 18 Oct 2020 14:29:43 GMT - Info - Server is running on port: 3000
Sun, 18 Oct 2020 14:29:47 GMT - Info - Server is running on port: 3000
Sun, 18 Oct 2020 14:29:50 GMT - Info - Server is running on port: 3000
Sun, 18 Oct 2020 14:30:15 GMT - Info - Server is running on port: 3000
Sun, 18 Oct 2020 14:30:17 GMT - Info - Server is running on port: 3000
Sun, 18 Oct 2020 14:30:18 GMT - Info - Server is running on port: 3000
Sun, 18 Oct 2020 14:30:21 GMT - Info - Server is running on port: 3000
Sun, 18 Oct 2020 14:30:24 GMT - Info - Server is running on port: 3000
Sun, 18 Oct 2020 14:31:39 GMT - Info - Server is running on port: 3000
Sun, 18 Oct 2020 14:31:51 GMT - Info - Server is running on port: 3000
Sun, 18 Oct 2020 14:32:00 GMT - Info - Server is running on port: 3000
Sun, 18 Oct 2020 14:32:11 GMT - Info - Server is running on port: 3000
Sun, 18 Oct 2020 14:32:14 GMT - Info - Server is running on port: 3000
Sun, 18 Oct 2020 14:42:59 GMT - Info - Server is running on port: 3000
Sun, 18 Oct 2020 16:18:04 GMT - Info - Server is running on port: 3000
Sun, 18 Oct 2020 16:19:18 GMT - Info - Server is running on port: 3000
Sun, 18 Oct 2020 16:19:22 GMT - Info - Server is running on port: 3000
Mon, 19 Oct 2020 06:50:02 GMT - Info - Server is running on port: 3000
>>>>>>> 294a43b440e9f88e0da1502bf8d5ff89c0ea02aa
Mon, 19 Oct 2020 12:38:46 GMT - Info - Server is running on port: 3000
Mon, 19 Oct 2020 12:58:22 GMT - Info - Server is running on port: 3000
Mon, 19 Oct 2020 13:06:03 GMT - Info - Server is running on port: 3000
Mon, 19 Oct 2020 13:06:53 GMT - Info - Server is running on port: 3000
Mon, 19 Oct 2020 13:07:06 GMT - Info - Server is running on port: 3000
Mon, 19 Oct 2020 16:20:41 GMT - Info - Server is running on port: 3000
Mon, 19 Oct 2020 16:20:42 GMT - Info - Server is running on port: 3000
Mon, 19 Oct 2020 16:20:45 GMT - Info - Server is running on port: 3000
Mon, 19 Oct 2020 16:20:47 GMT - Info - Server is running on port: 3000
Mon, 19 Oct 2020 16:24:18 GMT - Info - Server is running on port: 3000
Mon, 19 Oct 2020 16:24:23 GMT - Info - Server is running on port: 3000
Mon, 19 Oct 2020 16:28:54 GMT - Info - Server is running on port: 3000
Mon, 19 Oct 2020 16:31:07 GMT - Info - Server is running on port: 3000
Mon, 19 Oct 2020 16:31:13 GMT - Info - Server is running on port: 3000
Mon, 19 Oct 2020 16:31:15 GMT - Info - Server is running on port: 3000
Mon, 19 Oct 2020 16:31:28 GMT - Info - Server is running on port: 3000
Mon, 19 Oct 2020 16:31:30 GMT - Info - Server is running on port: 3000
Mon, 19 Oct 2020 16:31:34 GMT - Info - Server is running on port: 3000
Mon, 19 Oct 2020 16:31:36 GMT - Info - Server is running on port: 3000
Mon, 19 Oct 2020 16:35:08 GMT - Info - Server is running on port: 3000
Mon, 19 Oct 2020 16:37:42 GMT - Info - Server is running on port: 3000
Mon, 19 Oct 2020 16:37:46 GMT - Info - Server is running on port: 3000
Mon, 19 Oct 2020 16:38:00 GMT - Info - Server is running on port: 3000
Mon, 19 Oct 2020 16:38:03 GMT - Info - Server is running on port: 3000
Mon, 19 Oct 2020 16:38:06 GMT - Info - Server is running on port: 3000
Mon, 19 Oct 2020 16:38:26 GMT - Info - Server is running on port: 3000
Mon, 19 Oct 2020 16:38:36 GMT - Info - Server is running on port: 3000
Mon, 19 Oct 2020 16:38:38 GMT - Info - Server is running on port: 3000
Mon, 19 Oct 2020 16:38:41 GMT - Info - Server is running on port: 3000
Mon, 19 Oct 2020 16:45:52 GMT - Info - Server is running on port: 3000
Mon, 19 Oct 2020 16:45:53 GMT - Info - Server is running on port: 3000
Mon, 19 Oct 2020 16:45:57 GMT - Info - Server is running on port: 3000
Mon, 19 Oct 2020 16:46:00 GMT - Info - Server is running on port: 3000
Mon, 19 Oct 2020 17:00:01 GMT - Info - Server is running on port: 3000
Tue, 20 Oct 2020 07:01:37 GMT - Info - Server is running on port: 3000
Tue, 20 Oct 2020 08:15:39 GMT - Info - Server is running on port: 3000
Tue, 20 Oct 2020 08:15:42 GMT - Info - Server is running on port: 3000
Tue, 20 Oct 2020 08:15:44 GMT - Info - Server is running on port: 3000
Tue, 20 Oct 2020 08:15:46 GMT - Info - Server is running on port: 3000
Tue, 20 Oct 2020 08:15:49 GMT - Info - Server is running on port: 3000
Tue, 20 Oct 2020 08:15:51 GMT - Info - Server is running on port: 3000
Tue, 20 Oct 2020 08:15:53 GMT - Info - Server is running on port: 3000
Tue, 20 Oct 2020 08:15:56 GMT - Info - Server is running on port: 3000
Tue, 20 Oct 2020 08:15:57 GMT - Info - Server is running on port: 3000
Tue, 20 Oct 2020 08:15:58 GMT - Info - Server is running on port: 3000
Tue, 20 Oct 2020 08:16:05 GMT - Info - Server is running on port: 3000
Tue, 20 Oct 2020 08:16:07 GMT - Info - Server is running on port: 3000
Tue, 20 Oct 2020 08:16:08 GMT - Info - Server is running on port: 3000
Tue, 20 Oct 2020 08:22:13 GMT - Info - Server is running on port: 3000
Tue, 20 Oct 2020 08:23:25 GMT - Info - Server is running on port: 3000
Tue, 20 Oct 2020 08:23:27 GMT - Info - Server is running on port: 3000
Tue, 20 Oct 2020 08:26:21 GMT - Info - Server is running on port: 3000
Tue, 20 Oct 2020 08:26:37 GMT - Info - Server is running on port: 3000
Tue, 20 Oct 2020 08:52:37 GMT - Info - Server is running on port: 3000
Tue, 20 Oct 2020 09:01:42 GMT - Info - Server is running on port: 3000
Tue, 20 Oct 2020 09:01:45 GMT - Info - Server is running on port: 3000
Tue, 20 Oct 2020 09:01:47 GMT - Info - Server is running on port: 3000
Tue, 20 Oct 2020 09:01:53 GMT - Info - Server is running on port: 3000
Tue, 20 Oct 2020 09:01:58 GMT - Info - Server is running on port: 3000
Tue, 20 Oct 2020 09:02:00 GMT - Info - Server is running on port: 3000
Tue, 20 Oct 2020 09:02:11 GMT - Info - Server is running on port: 3000
